usage: run_federated_qwenvl.py [-h] [--config CONFIG]
                               [--num_clients NUM_CLIENTS]
                               [--num_rounds NUM_ROUNDS]
                               [--local_epochs LOCAL_EPOCHS]
                               [--free_energy_mode {kl_entropy,ce_entropy}]
                               [--tau TAU] [--lambda_entropy LAMBDA_ENTROPY]
                               [--gamma_entropy GAMMA_ENTROPY] [--alpha ALPHA]
                               [--beta BETA] [--temperature TEMPERATURE]
                               [--train_generation]
                               [--generation_alpha GENERATION_ALPHA]
                               [--generation_beta GENERATION_BETA]
                               [--generation_gamma GENERATION_GAMMA]
                               [--enable_server_update]
                               [--server_lr SERVER_LR] [--dataroot DATAROOT]
                               [--batch_size BATCH_SIZE]
                               [--attack_ratio ATTACK_RATIO]
                               [--use_attack_dataset] [--no_attack_dataset]
                               [--use_synthetic_data]
                               [--num_synthetic_samples NUM_SYNTHETIC_SAMPLES]
                               [--model_path MODEL_PATH] [--device DEVICE]
                               [--log_dir LOG_DIR] [--save_dir SAVE_DIR]
                               [--verbose]
run_federated_qwenvl.py: error: unrecognized arguments: --autodl-tmp /home/sutongtong/LanTu_team3/dataset/nuScenes/train
警告: 攻击数据集模块未找到，将使用原始数据集
